2026-06-16 10:15:22 INFO user=ivanov email=email_1 ip=ip_1 path=/home/ivanov/documents/report.xlsx token=token_1
2026-06-16 10:16:45 INFO user=petrov email=email_28 ip=ip_28 path=/home/petrov/projects/project1/main.py token=token_2
2026-06-16 10:18:12 INFO user=sidorov email=email_29 ip=ip_29 path=/home/sidorov/downloads/file.pdf token=token_3
2026-06-16 10:20:33 INFO user=ivanov email=email_1 ip=ip_30 path=/home/ivanov/backup/data_2026.tar.gz token=token_4
2026-06-16 10:22:55 INFO user=petrov email=email_28 ip=ip_31 path=/home/petrov/.config/settings.conf token=token_5
2026-06-16 10:25:18 INFO user=smirnov email=email_30 ip=ip_32 path=/home/smirnov/work/logs/access.log token=token_6
2026-06-16 10:27:40 INFO user=ivanov email=email_1 ip=ip_33 path=/home/ivanov/projects/app/main.go token=token_7
2026-06-16 10:30:02 INFO user=petrov email=email_28 ip=ip_34 path=/home/petrov/scripts/backup.sh token=token_8
2026-06-16 10:32:25 INFO user=sidorov email=email_29 ip=ip_35 path=/home/sidorov/documents/invoice_2026.pdf token=token_9
2026-06-16 10:34:47 INFO user=ivanov email=email_1 ip=ip_36 path=/home/ivanov/documents/presentation.pptx token=token_10
2026-06-16 10:37:10 INFO user=kuznetsov email=email_31 ip=ip_37 path=/home/kuznetsov/projects/website/index.html token=token_11
2026-06-16 10:39:32 INFO user=petrov email=email_28 ip=ip_38 path=/home/petrov/.ssh/id_rsa.pub token=token_12
2026-06-16 10:41:55 INFO user=ivanov email=email_1 ip=ip_39 path=/home/ivanov/workspace/nodejs/server.js token=token_13
2026-06-16 10:44:17 INFO user=smirnov email=email_30 ip=ip_40 path=/home/smirnov/data/dataset.csv token=token_14
2026-06-16 10:46:40 INFO user=sidorov email=email_29 ip=ip_41 path=/home/sidorov/photos/vacation.jpg token=token_15
2026-06-16 10:49:02 INFO user=ivanov email=email_1 ip=ip_42 path=/home/ivanov/tmp/tempfile.tmp token=token_16
2026-06-16 10:51:25 INFO user=petrov email=email_28 ip=ip_43 path=/home/petrov/mail/inbox.mbox token=token_17
2026-06-16 10:53:47 INFO user=kuznetsov email=email_31 ip=ip_44 path=/home/kuznetsov/backup/db_dump.sql token=token_18
2026-06-16 10:56:10 INFO user=ivanov email=email_1 ip=ip_45 path=/home/ivanov/documents/contract_signed.pdf token=token_19
2026-06-16 10:58:32 INFO user=smirnov email=email_30 ip=ip_46 path=/home/smirnov/projects/rust/target/debug/app token=token_20
2026-06-16 11:00:55 INFO user=petrov email=email_28 ip=ip_47 path=/home/petrov/pictures/screenshot.png token=token_21
2026-06-16 11:03:17 INFO user=ivanov email=email_1 ip=ip_48 path=/home/ivanov/.local/share/data.db token=token_22
2026-06-16 11:05:40 INFO user=sidorov email=email_29 ip=ip_49 path=/home/sidorov/music/album/01_song.mp3 token=token_23
2026-06-16 11:08:02 INFO user=ivanov email=email_1 ip=ip_50 path=/home/ivanov/projects/python/venv/bin/python token=token_24
2026-06-16 11:10:25 INFO user=petrov email=email_28 ip=ip_51 path=/home/petrov/documents/notes.md token=token_25
2026-06-16 11:12:47 INFO user=kuznetsov email=email_31 ip=ip_52 path=/home/kuznetsov/projects/django/manage.py token=token_26
2026-06-16 11:15:10 INFO user=ivanov email=email_1 ip=ip_53 path=/home/ivanov/test/logs/error.log token=token_27
2026-06-16 11:17:32 INFO user=smirnov email=email_30 ip=ip_54 path=/home/smirnov/.vimrc token=token_28
2026-06-16 11:19:55 INFO user=ivanov email=email_1 ip=ip_55 path=/home/ivanov/backup/old_project.zip token=token_29
2026-06-16 11:22:17 INFO user=petrov email=email_28 ip=ip_56 path=/home/petrov/workspace/cpp/main.cpp token=token_30
2026-06-16 11:24:40 INFO user=sidorov email=email_29 ip=ip_57 path=/home/sidorov/videos/tutorial.mp4 token=token_31
2026-06-16 11:27:02 INFO user=ivanov email=email_1 ip=ip_58 path=/home/ivanov/configs/nginx/nginx.conf token=token_32
2026-06-16 11:29:25 INFO user=petrov email=email_28 ip=ip_59 path=/home/petrov/projects/go/bin/app token=token_33
2026-06-16 11:31:47 INFO user=kuznetsov email=email_31 ip=ip_60 path=/home/kuznetsov/Downloads/ubuntu-22.04.iso token=token_34
2026-06-16 11:34:10 INFO user=ivanov email=email_1 ip=ip_61 path=/home/ivanov/.bashrc token=token_35
2026-06-16 11:36:32 INFO user=smirnov email=email_30 ip=ip_62 path=/home/smirnov/scripts/deploy.sh token=token_36
2026-06-16 11:38:55 INFO user=ivanov email=email_1 ip=ip_63 path=/home/ivanov/experiments/data/raw/input.txt token=token_37
2026-06-16 11:41:17 INFO user=petrov email=email_28 ip=ip_64 path=/home/petrov/docs/report_final.docx token=token_38
2026-06-16 11:43:40 INFO user=sidorov email=email_29 ip=ip_65 path=/home/sidorov/.config/gtk-3.0/settings.ini token=token_39
2026-06-16 11:46:02 INFO user=ivanov email=email_1 ip=ip_66 path=/home/ivanov/projects/webapp/static/style.css token=token_40
2026-06-16 11:48:25 INFO user=petrov email=email_28 ip=ip_67 path=/home/petrov/.local/bin/pip3 token=token_41
2026-06-16 11:50:47 INFO user=kuznetsov email=email_31 ip=ip_68 path=/home/kuznetsov/docker/Dockerfile token=token_42
2026-06-16 11:53:10 INFO user=ivanov email=email_1 ip=ip_69 path=/home/ivanov/logs/app.log token=token_43
2026-06-16 11:55:32 INFO user=smirnov email=email_30 ip=ip_70 path=/home/smirnov/projects/electron/main.js token=token_44
2026-06-16 11:57:55 INFO user=ivanov email=email_1 ip=ip_71 path=/home/ivanov/.cargo/bin/cargo token=token_45
2026-06-16 12:00:17 INFO user=petrov email=email_28 ip=ip_72 path=/home/petrov/mail/sent/2026-06-16.eml token=token_46
2026-06-16 12:02:40 INFO user=sidorov email=email_29 ip=ip_73 path=/home/sidorov/archive/project_v2.tgz token=token_47
2026-06-16 12:05:02 INFO user=ivanov email=email_1 ip=ip_74 path=/home/ivanov/projects/flask/app.py token=token_48
2026-06-16 12:07:25 INFO user=petrov email=email_28 ip=ip_75 path=/home/petrov/.mozilla/firefox/profiles.ini token=token_49
2026-06-16 12:09:47 INFO user=kuznetsov email=email_31 ip=ip_76 path=/home/kuznetsov/jupyter/notebook.ipynb token=token_50