2026-06-16 10:15:22 INFO user=ivanov email=email_1 ip=ip_1 url=url_1 token=token_1
2026-06-16 10:16:45 INFO user=petrov email=email_2 ip=ip_2 url=url_2 token=token_2
2026-06-16 10:18:12 INFO user=sidorov email=email_3 ip=ip_3 url=url_3 token=token_3
2026-06-16 10:20:33 INFO user=ivanov email=email_1 ip=ip_4 url=url_4 token=token_4
2026-06-16 10:22:55 INFO user=petrov email=email_2 ip=ip_5 url=url_5 token=token_5
2026-06-16 10:25:18 INFO user=smirnov email=email_4 ip=ip_6 url=url_6 token=token_6
2026-06-16 10:27:40 INFO user=ivanov email=email_1 ip=ip_7 url=url_7 token=token_7
2026-06-16 10:30:02 INFO user=petrov email=email_2 ip=ip_8 url=url_8 token=token_8
2026-06-16 10:32:25 INFO user=sidorov email=email_3 ip=ip_9 url=url_9 token=token_9
2026-06-16 10:34:47 INFO user=ivanov email=email_1 ip=ip_10 url=url_10 token=token_10
2026-06-16 10:37:10 INFO user=kuznetsov email=email_5 ip=ip_11 url=url_11 token=token_11
2026-06-16 10:39:32 INFO user=petrov email=email_2 ip=ip_12 url=url_12 token=token_12
2026-06-16 10:41:55 INFO user=ivanov email=email_1 ip=ip_13 url=url_13 token=token_13
2026-06-16 10:44:17 INFO user=smirnov email=email_4 ip=ip_14 url=url_14 token=token_14
2026-06-16 10:46:40 INFO user=sidorov email=email_3 ip=ip_15 url=url_15 token=token_15
2026-06-16 10:49:02 INFO user=ivanov email=email_1 ip=ip_16 url=url_16 token=token_16
2026-06-16 10:51:25 INFO user=petrov email=email_2 ip=ip_17 url=url_17 token=token_17
2026-06-16 10:53:47 INFO user=kuznetsov email=email_5 ip=ip_18 url=url_18 token=token_18
2026-06-16 10:56:10 INFO user=ivanov email=email_1 ip=ip_19 url=url_19 token=token_19
2026-06-16 10:58:32 INFO user=smirnov email=email_4 ip=ip_20 url=url_20 token=token_20
2026-06-16 11:00:55 INFO user=petrov email=email_2 ip=ip_21 url=url_21 token=token_21
2026-06-16 11:03:17 INFO user=ivanov email=email_1 ip=ip_22 url=url_22 token=token_22
2026-06-16 11:05:40 INFO user=sidorov email=email_3 ip=ip_23 url=url_23 token=token_23
2026-06-16 11:08:02 INFO user=ivanov email=email_1 ip=ip_24 url=url_24 token=token_24
2026-06-16 11:10:25 INFO user=petrov email=email_2 ip=ip_25 url=url_25 token=token_25
2026-06-16 11:12:47 INFO user=kuznetsov email=email_5 ip=ip_26 url=url_26 token=token_26
2026-06-16 11:15:10 INFO user=ivanov email=email_1 ip=ip_27 url=url_27 token=token_27
2026-06-16 11:17:32 INFO user=smirnov email=email_4 ip=ip_28 url=url_28 token=token_28
2026-06-16 11:19:55 INFO user=ivanov email=email_1 ip=ip_29 url=url_29 token=token_29
2026-06-16 11:22:17 INFO user=petrov email=email_2 ip=ip_30 url=url_30 token=token_30
2026-06-16 11:24:40 INFO user=sidorov email=email_3 ip=ip_31 url=url_31 token=token_31
2026-06-16 11:27:02 INFO user=ivanov email=email_1 ip=ip_32 url=url_32 token=token_32
2026-06-16 11:29:25 INFO user=petrov email=email_2 ip=ip_33 url=url_33 token=token_33
2026-06-16 11:31:47 INFO user=kuznetsov email=email_5 ip=ip_34 url=url_34 token=token_34
2026-06-16 11:34:10 INFO user=ivanov email=email_1 ip=ip_35 url=url_35 token=token_35
2026-06-16 11:36:32 INFO user=smirnov email=email_4 ip=ip_36 url=url_36 token=token_36
2026-06-16 11:38:55 INFO user=ivanov email=email_1 ip=ip_37 url=url_37 token=token_37
2026-06-16 11:41:17 INFO user=petrov email=email_2 ip=ip_38 url=url_38 token=token_38
2026-06-16 11:43:40 INFO user=sidorov email=email_3 ip=ip_39 url=url_39 token=token_39
2026-06-16 11:46:02 INFO user=ivanov email=email_1 ip=ip_40 url=url_40 token=token_40
2026-06-16 11:48:25 INFO user=petrov email=email_2 ip=ip_41 url=url_41 token=token_41
2026-06-16 11:50:47 INFO user=kuznetsov email=email_5 ip=ip_42 url=url_42 token=token_42
2026-06-16 11:53:10 INFO user=ivanov email=email_1 ip=ip_43 url=url_43 token=token_43
2026-06-16 11:55:32 INFO user=smirnov email=email_4 ip=ip_44 url=url_44 token=token_44
2026-06-16 11:57:55 INFO user=ivanov email=email_1 ip=ip_45 url=url_45 token=token_45
2026-06-16 12:00:17 INFO user=petrov email=email_2 ip=ip_46 url=url_46 token=token_46
2026-06-16 12:02:40 INFO user=sidorov email=email_3 ip=ip_47 url=url_47 token=token_47
2026-06-16 12:05:02 INFO user=ivanov email=email_1 ip=ip_48 url=url_48 token=token_48
2026-06-16 12:07:25 INFO user=petrov email=email_2 ip=ip_49 url=url_49 token=token_49
2026-06-16 12:09:47 INFO user=kuznetsov email=email_5 ip=ip_50 url=url_50 token=token_50