2026-06-16 10:15:22 INFO user=ivanov email=email_1 ip=ip_1 path=C:\Users\user_1\Documents\base.xlsx token=token_1
2026-06-16 10:23:45 INFO user=petrova email=email_6 ip=ip_30 path=C:\Users\user_2\Reports\sales_q2.xlsx token=token_2
2026-06-16 10:31:12 INFO user=ivanov email=email_1 ip=ip_1 path=D:\Work\Projects\data_export.csv token=token_3
2026-06-16 10:42:08 INFO user=kozlov email=email_7 ip=ip_31 path=C:\Users\user_3\Desktop\presentation.pptx token=token_4
2026-06-16 10:55:33 INFO user=smirnov email=email_8 ip=ip_32 path=E:\Backup\archive_2026.zip token=token_5
2026-06-16 11:03:19 INFO user=petrova email=email_6 ip=ip_30 path=C:\Users\user_2\Documents\invoices.pdf token=token_6
2026-06-16 11:14:47 INFO user=kozlov email=email_7 ip=ip_31 path=D:\Data\clients.xlsx token=token_7
2026-06-16 11:22:01 INFO user=popov email=email_9 ip=ip_33 path=C:\Users\user_4\Projects\script.py token=token_8
2026-06-16 11:30:56 INFO user=ivanov email=email_1 ip=ip_1 path=E:\Docs\contract.docx token=token_9
2026-06-16 11:41:23 INFO user=zaytsev email=email_10 ip=ip_34 path=C:\Users\user_5\Downloads\report.xls token=token_10
2026-06-16 11:52:11 INFO user=smirnov email=email_8 ip=ip_32 path=D:\Projects\database.db token=token_11
2026-06-16 12:00:45 INFO user=mikhailov email=email_11 ip=ip_35 path=C:\Users\user_6\Desktop\notes.txt token=token_12
2026-06-16 12:15:30 INFO user=popov email=email_9 ip=ip_33 path=E:\Backup\images.tar token=token_13
2026-06-16 12:28:44 INFO user=nikitin email=email_12 ip=ip_36 path=C:\Users\user_7\Documents\budget.xlsx token=token_14
2026-06-16 12:39:17 INFO user=kozlov email=email_7 ip=ip_31 path=D:\Work\template.dotx token=token_15
2026-06-16 12:47:52 INFO user=stepanov email=email_13 ip=ip_37 path=C:\Users\user_8\Pictures\photo.jpg token=token_16
2026-06-16 12:58:08 INFO user=ivanov email=email_1 ip=ip_1 path=E:\Docs\report_final.pdf token=token_17
2026-06-16 13:05:23 INFO user=aleksandrov email=email_14 ip=ip_38 path=C:\Users\user_9\Scripts\cleanup.bat token=token_18
2026-06-16 13:18:36 INFO user=petrova email=email_6 ip=ip_30 path=D:\Backup\system_backup.zip token=token_19
2026-06-16 13:29:49 INFO user=gorbunov email=email_15 ip=ip_40 path=C:\Users\user_10\Projects\app.exe token=token_20
2026-06-16 13:41:02 INFO user=smirnov email=email_8 ip=ip_32 path=E:\Music\playlist.m3u token=token_21
2026-06-16 13:52:27 INFO user=andreev email=email_16 ip=ip_41 path=C:\Users\user_11\Documents\memo.doc token=token_22
2026-06-16 14:02:14 INFO user=popov email=email_9 ip=ip_33 path=D:\Data\export_2026.csv token=token_23
2026-06-16 14:15:38 INFO user=grigoriev email=email_17 ip=ip_42 path=C:\Users\user_12\Downloads\setup.msi token=token_24
2026-06-16 14:26:51 INFO user=ivanov email=email_1 ip=ip_1 path=E:\Work\schedule.xlsx token=token_25
2026-06-16 14:37:05 INFO user=romanov email=email_18 ip=ip_43 path=C:\Users\user_13\Projects\main.py token=token_26
2026-06-16 14:48:19 INFO user=kozlov email=email_7 ip=ip_31 path=D:\Backup\old_data.zip token=token_27
2026-06-16 14:59:33 INFO user=matveev email=email_19 ip=ip_44 path=C:\Users\user_14\Desktop\config.ini token=token_28
2026-06-16 15:08:46 INFO user=petrova email=email_6 ip=ip_30 path=E:\Docs\manual.docx token=token_29
2026-06-16 15:20:52 INFO user=komarov email=email_20 ip=ip_45 path=C:\Users\user_15\Documents\logfile.log token=token_30
2026-06-16 15:31:16 INFO user=smirnov email=email_8 ip=ip_32 path=D:\Projects\api_keys.json token=token_31
2026-06-16 15:42:39 INFO user=belyaev email=email_21 ip=ip_46 path=C:\Users\user_16\Photos\vacation.jpg token=token_32
2026-06-16 15:53:44 INFO user=ivanov email=email_1 ip=ip_1 path=E:\Backup\database_2026.sql token=token_33
2026-06-16 16:02:57 INFO user=trofimov email=email_22 ip=ip_47 path=C:\Users\user_17\Scripts\deploy.sh token=token_34
2026-06-16 16:14:28 INFO user=efimova email=email_23 ip=ip_48 path=D:\Work\report_2026.xls token=token_35
2026-06-16 16:25:41 INFO user=konovalov email=email_24 ip=ip_49 path=C:\Users\user_18\Projects\binary.bin token=token_36
2026-06-16 16:37:56 INFO user=popov email=email_9 ip=ip_33 path=E:\Docs\invoice_2026.pdf token=token_37
2026-06-16 16:48:09 INFO user=eremeev email=email_25 ip=ip_51 path=C:\Users\user_19\Downloads\driver.sys token=token_38
2026-06-16 16:59:23 INFO user=kozlov email=email_7 ip=ip_31 path=D:\Backup\snapshot.vhd token=token_39
2026-06-16 17:10:37 INFO user=naumov email=email_26 ip=ip_52 path=C:\Users\user_20\Desktop\readme.md token=token_40
2026-06-16 17:21:50 INFO user=anokhina email=email_27 ip=ip_53 path=E:\Games\savegame.dat token=token_41
2026-06-16 17:33:05 INFO user=ivanov email=email_1 ip=ip_1 path=C:\Users\user_1\Projects\lib.so token=token_42
2026-06-16 17:44:18 INFO user=andrianova email=email_28 ip=ip_54 path=D:\Docs\presentation_2026.ppt token=token_43
2026-06-16 17:55:31 INFO user=smirnov email=email_8 ip=ip_32 path=C:\Users\user_21\Documents\notes.txt token=token_44
2026-06-16 18:06:44 INFO user=zharova email=email_29 ip=ip_55 path=E:\Backup\system.iso token=token_45
2026-06-16 18:17:57 INFO user=petrova email=email_6 ip=ip_30 path=C:\Users\user_2\Scripts\backup.ps1 token=token_46
2026-06-16 18:29:10 INFO user=ryabova email=email_30 ip=ip_56 path=D:\Work\tasks.csv token=token_47
2026-06-16 18:40:23 INFO user=popov email=email_9 ip=ip_33 path=C:\Users\user_4\Pictures\wallpaper.png token=token_48
2026-06-16 18:51:36 INFO user=demidov email=email_31 ip=ip_57 path=E:\Docs\agreement.docx token=token_49
2026-06-16 19:02:49 INFO user=kozlov email=email_7 ip=ip_31 path=C:\Users\user_3\Downloads\update.pkg token=token_50